#
# Copyright 2016-2017 The Reaktivity Project
#
# The Reaktivity Project licenses this file to you under the Apache License,
# version 2.0 (the "License"); you may not use this file except in compliance
# with the License. You may obtain a copy of the License at:
#
#   http://www.apache.org/licenses/LICENSE-2.0
#
# Unless required by applicable law or agreed to in writing, software
# distributed under the License is distributed on an "AS IS" BASIS, WITHOUT
# WARRANTIES OR CONDITIONS OF ANY KIND, either express or implied. See the
# License for the specific language governing permissions and limitations
# under the License.
#

property newServerAcceptRef  ${nuklei:newReferenceId()} # external
property serverTransport "nukleus://target/streams/ws#source"

accept ${serverTransport}
  option nukleus:route  ${newServerAcceptRef}
  option nukleus:window 8192
  option nukleus:transmission "duplex"
accepted

read nukleus:begin.ext [0x00] [0x07] ":scheme" [0x04] "http"
read nukleus:begin.ext [0x00] [0x07] ":method" [0x03] "GET"
read nukleus:begin.ext [0x00] [0x05] ":path" [0x05] "/echo"
read nukleus:begin.ext [0x00] [0x0a] ":authority" [0x0e] "localhost:8080"
read nukleus:begin.ext [0x00] [0x07] "upgrade" [0x09] /(?i:websocket)/
read nukleus:begin.ext [0x00] [0x0a] "connection" [0x07] /(?i:Upgrade)/
read nukleus:begin.ext [0x00] [0x11] "sec-websocket-key" [0x18] /(?<key>[a-zA-Z0-9+\/=]{24})/
read nukleus:begin.ext [0x00] [0x15] "sec-websocket-version" [0x02] "13"

write nukleus:begin.ext [0x00] [0x07] ":status" [0x03] "101"
write nukleus:begin.ext [0x00] [0x07] "upgrade" [0x09] "websocket"
write nukleus:begin.ext [0x00] [0x0a] "connection" [0x07] "Upgrade"
write nukleus:begin.ext [0x00] [0x14] "sec-websocket-accept" [0x1c] ${ws:handshakeHash(key)}

connected

write [0x0a 0x00]

read [0x88 0x82] ([0..4] :readMask)
read option mask ${readMask}
read ([0..2] :code)
read option mask [0x00 0x00 0x00 0x00]

write [0x88 0x02 0x03 0xea]
