#
# Copyright 2016-2018 The Reaktivity Project
#
# The Reaktivity Project licenses this file to you under the Apache License,
# version 2.0 (the "License"); you may not use this file except in compliance
# with the License. You may obtain a copy of the License at:
#
#   http://www.apache.org/licenses/LICENSE-2.0
#
# Unless required by applicable law or agreed to in writing, software
# distributed under the License is distributed on an "AS IS" BASIS, WITHOUT
# WARRANTIES OR CONDITIONS OF ANY KIND, either express or implied. See the
# License for the specific language governing permissions and limitations
# under the License.
#

# TODO: revert this script to use k3po http transport as in k3po http specification once k3po
#       is enhanced to support manifesting this as high-level http

property location 'http://localhost:8080/echo'
property newHandshakeKey ${ws:handshakeKey()}
property writeMask ${ws:randomBytes(4)}

connect await ROUTED_SERVER
        "nukleus://streams/ws#0"
  option nukleus:window 8192
  option nukleus:transmission "duplex"

write nukleus:begin.ext ${http:headers()
                              .item(":method", "GET")
                              .item(":scheme", "http")
                              .item(":authority", "localhost:8080")
                              .item(":path", "/path?query")
                              .item("upgrade", "websocket")
                              .item("connection", "upgrade")
                              .item("sec-websocket-version", "13")
                              .item("sec-websocket-key", newHandshakeKey)
                              .item("sec-websocket-protocol", "primary")
                              .build()}

read nukleus:begin.ext ${http:headers()
                             .item(":status", "101")
                             .item("upgrade", "websocket")
                             .item("connection", "upgrade")
                             .item("sec-websocket-accept", ws:handshakeHash(newHandshakeKey))
                             .item("sec-websocket-protocol", "primary")
                             .build()}

connected

# connection established
