#
# Copyright 2016-2019 The Reaktivity Project
#
# The Reaktivity Project licenses this file to you under the Apache License,
# version 2.0 (the "License"); you may not use this file except in compliance
# with the License. You may obtain a copy of the License at:
#
#   http://www.apache.org/licenses/LICENSE-2.0
#
# Unless required by applicable law or agreed to in writing, software
# distributed under the License is distributed on an "AS IS" BASIS, WITHOUT
# WARRANTIES OR CONDITIONS OF ANY KIND, either express or implied. See the
# License for the specific language governing permissions and limitations
# under the License.
#

property newHandshakeKey ${ws:handshakeKey()}
property writeMask ${ws:randomBytes(4)}
property writeReason ${ws:randomBytesInvalidUTF8(20)}

connect await ROUTED_SERVER
        "nukleus://streams/ws#0"
  option nukleus:window 8192
  option nukleus:transmission "duplex"

write nukleus:begin.ext ${http:beginEx()
                              .typeId(nukleus:id("http"))
                              .header(":method", "GET")
                              .header(":scheme", "http")
                              .header(":authority", "localhost:8080")
                              .header(":path", "/echo")
                              .header("upgrade", "websocket")
                              .header("connection", "upgrade")
                              .header("sec-websocket-key", newHandshakeKey)
                              .header("sec-websocket-version", "13")
                              .build()}

read nukleus:begin.ext ${http:beginEx()
                             .typeId(nukleus:id("http"))
                             .header(":status", "101")
                             .header("upgrade", "websocket")
                             .header("connection", "upgrade")
                             .header("sec-websocket-accept", ws:handshakeHash(newHandshakeKey))
                             .build()}
connected

write [0x88]
write [0x80] ${writeMask}

read [0x88 0x00]

read closed
