#
# Copyright 2016-2017 The Reaktivity Project
#
# The Reaktivity Project licenses this file to you under the Apache License,
# version 2.0 (the "License"); you may not use this file except in compliance
# with the License. You may obtain a copy of the License at:
#
#   http://www.apache.org/licenses/LICENSE-2.0
#
# Unless required by applicable law or agreed to in writing, software
# distributed under the License is distributed on an "AS IS" BASIS, WITHOUT
# WARRANTIES OR CONDITIONS OF ANY KIND, either express or implied. See the
# License for the specific language governing permissions and limitations
# under the License.
#

# TODO: revert this script to use k3po http transport as in k3po http specification once k3po
#       is enhanced to support manifesting this as high-level http

property location 'http://localhost:8080/echo'
property newServerAcceptRef  ${nuklei:newReferenceId()} # external
property serverTransport "nukleus://target/streams/ws#source"

accept ${serverTransport}
  option nukleus:route  ${newServerAcceptRef}
  option nukleus:transmission "duplex"
accepted

read nukleus:begin.ext [0xb8 0x00 0x00 0x00]
                       [0x00] [0x07] ":scheme" [0x04 0x00] "http"
                       [0x00] [0x07] ":method" [0x03 0x00] "GET"
                       [0x00] [0x05] ":path" [0x05 0x00] "/echo"
                       [0x00] [0x0a] ":authority" [0x0e 0x00] "localhost:8080"
                       [0x00] [0x07] "upgrade" [0x09 0x00] "websocket"
                       [0x00] [0x0a] "connection" [0x07 0x00] "upgrade"
                       [0x00] [0x11] "sec-websocket-key" [0x18 0x00] /(?<key>[a-zA-Z0-9+\/=]{24})/
                       [0x00] [0x15] "sec-websocket-version" [0x02 0x00] "13"

write nukleus:begin.ext ${http:headers()
                              .item(":status", "101")
                              .item("upgrade", "websocket")
                              .item("connection", "upgrade")
                              .item("sec-websocket-accept", ws:handshakeHash(key))
                              .build()}

connected

read [0x82 0xfe 0x00 0x7e] ([0..4] :readMask)
read option mask ${readMask}
read ([0..126] :server126)
read option mask [0x00 0x00 0x00 0x00]

write [0x82 0x7e 0x00 0x7e] ${server126}
