#
# Copyright 2016-2017 The Reaktivity Project
#
# The Reaktivity Project licenses this file to you under the Apache License,
# version 2.0 (the "License"); you may not use this file except in compliance
# with the License. You may obtain a copy of the License at:
#
#   http://www.apache.org/licenses/LICENSE-2.0
#
# Unless required by applicable law or agreed to in writing, software
# distributed under the License is distributed on an "AS IS" BASIS, WITHOUT
# WARRANTIES OR CONDITIONS OF ANY KIND, either express or implied. See the
# License for the specific language governing permissions and limitations
# under the License.
#

# TODO: revert this script to use k3po http transport as in k3po http specification once k3po
#       is enhanced to support manifesting this as high-level http

property location 'http://localhost:8080/path?query'
property newServerAcceptRef  ${nuklei:newReferenceId()} # external
property serverTransport "nukleus://target/streams/ws#source"

accept ${serverTransport}
  option nukleus:route  ${newServerAcceptRef}
  option nukleus:window 8192
  option nukleus:transmission "duplex"
accepted

read nukleus:begin.ext ${http:header(":scheme", "http")}
read nukleus:begin.ext ${http:header(":method", "GET")}
read nukleus:begin.ext ${http:header(":path", "/path?query")}
read nukleus:begin.ext ${http:header(":authority", "localhost:8080")}
read nukleus:begin.ext ${http:header("upgrade", "websocket")}
read nukleus:begin.ext ${http:header("connection", "upgrade")}
read nukleus:begin.ext [0x00] [0x11] "sec-websocket-key" [0..2] /(?<key>[a-zA-Z0-9+\/=]{24})/
read nukleus:begin.ext ${http:header("sec-websocket-version", "13")}

write nukleus:begin.ext ${http:header(":status", "101")}
write nukleus:begin.ext ${http:header("upgrade", "websocket")}
write nukleus:begin.ext ${http:header("connection", "upgrade")}
write nukleus:begin.ext ${http:header("sec-websocket-accept", ws:handshakeHash(key))}

connected

# connection established
