#
# Copyright 2016-2017 The Reaktivity Project
#
# The Reaktivity Project licenses this file to you under the Apache License,
# version 2.0 (the "License"); you may not use this file except in compliance
# with the License. You may obtain a copy of the License at:
#
#   http://www.apache.org/licenses/LICENSE-2.0
#
# Unless required by applicable law or agreed to in writing, software
# distributed under the License is distributed on an "AS IS" BASIS, WITHOUT
# WARRANTIES OR CONDITIONS OF ANY KIND, either express or implied. See the
# License for the specific language governing permissions and limitations
# under the License.
#

# external newInitialRef

property nukleiC1CI ${nuklei:directory("target/nukleus-itests").controlCapacity(1024, 1024)}

property controlC1CI ${nukleiC1CI.control("ws")}

connect agrona://stream/bidirectional
        option reader ${agrona:broadcastReceiver(controlC1CI.controller)}
        option writer ${agrona:manyToOneWriter(controlC1CI.nukleus)}

connected

write [0x00 0x00 0x00 0x01]
write ${controlC1CI.nextCorrelationId()}
write [0x21]
write flush

read [0x40 0x00 0x00 0x01]
read ${controlC1CI.correlationId()}
read ([0..8]:newInitialRef)

close
closed

read notify BOUND_INITIAL
