#
# Copyright 2016-2017 The Reaktivity Project
#
# The Reaktivity Project licenses this file to you under the Apache License,
# version 2.0 (the "License"); you may not use this file except in compliance
# with the License. You may obtain a copy of the License at:
#
#   http://www.apache.org/licenses/LICENSE-2.0
#
# Unless required by applicable law or agreed to in writing, software
# distributed under the License is distributed on an "AS IS" BASIS, WITHOUT
# WARRANTIES OR CONDITIONS OF ANY KIND, either express or implied. See the
# License for the specific language governing permissions and limitations
# under the License.
#

property nukleiC1NI ${nuklei:directory("target/nukleus-itests").controlCapacity(1024, 1024)}

property controlC1NI ${nukleiC1NI.controlNew("ws")}
property initialRefC1NI ${nuklei:newReferenceId()}

connect agrona://stream/bidirectional
        option reader ${agrona:manyToOneReader(controlC1NI.nukleus)}
        option writer ${agrona:broadcastTransmitter(controlC1NI.controller)}

connected

read [0x00 0x00 0x00 0x01]
read ([0..8]:correlationIdC1N)
read [0x21]

write [0x40 0x00 0x00 0x01]
write ${correlationIdC1N}
write ${initialRefC1NI}
write flush

close
closed
