#
# Copyright 2016-2017 The Reaktivity Project
#
# The Reaktivity Project licenses this file to you under the Apache License,
# version 2.0 (the "License"); you may not use this file except in compliance
# with the License. You may obtain a copy of the License at:
#
#   http://www.apache.org/licenses/LICENSE-2.0
#
# Unless required by applicable law or agreed to in writing, software
# distributed under the License is distributed on an "AS IS" BASIS, WITHOUT
# WARRANTIES OR CONDITIONS OF ANY KIND, either express or implied. See the
# License for the specific language governing permissions and limitations
# under the License.
#

property newReplyRef ${nuklei:newReferenceId()} # external scope
property newReplyTargetRef ${nuklei:newReferenceId()} # external scope

property nukleiC12C ${nuklei:directory("target/nukleus-itests").controlCapacity(1024, 1024)}

property controlC12C ${nukleiC12C.control("ws")}

connect await ROUTED_REPLY
        agrona://stream/bidirectional
        option reader ${agrona:broadcastReceiver(controlC12C.controller)}
        option writer ${agrona:manyToOneWriter(controlC12C.nukleus)}

connected

write [0x00 0x00 0x00 0x12]
write ${controlC12C.nextCorrelationId()}
write [0x0b] "replySource"
write ${newReplyRef}
write [0x0b] "replyTarget"
write ${newReplyTargetRef}
write [0x00]
write flush

read [0x40 0x00 0x00 0x12]
read ${controlC12C.correlationId()}

close
closed

read notify UNROUTED_REPLY
