#
# Copyright 2016-2017 The Reaktivity Project
#
# The Reaktivity Project licenses this file to you under the Apache License,
# version 2.0 (the "License"); you may not use this file except in compliance
# with the License. You may obtain a copy of the License at:
#
#   http://www.apache.org/licenses/LICENSE-2.0
#
# Unless required by applicable law or agreed to in writing, software
# distributed under the License is distributed on an "AS IS" BASIS, WITHOUT
# WARRANTIES OR CONDITIONS OF ANY KIND, either express or implied. See the
# License for the specific language governing permissions and limitations
# under the License.
#

property nukleiC11N ${nuklei:directory("target/nukleus-itests").controlCapacity(1024, 1024)}

property controlC11N ${nukleiC11N.controlNew("ws")}

connect await ROUTED_INITIAL
        agrona://stream/bidirectional
        option reader ${agrona:manyToOneReader(controlC11N.nukleus)}
        option writer ${agrona:broadcastTransmitter(controlC11N.controller)}

connected

read [0x00 0x00 0x00 0x11]
read ([0..8]:correlationIdC11N)
read [0x0b] "replySource"
read ([0..8]:replyRefC11N)
read [0x0b] "replyTarget"
read ([0..8]:replyTargetRefC11N)
read [0x00]

write [0x40 0x00 0x00 0x11]
write ${correlationIdC11N}
write flush

close
closed
