#
# Copyright 2016-2017 The Reaktivity Project
#
# The Reaktivity Project licenses this file to you under the Apache License,
# version 2.0 (the "License"); you may not use this file except in compliance
# with the License. You may obtain a copy of the License at:
#
#   http://www.apache.org/licenses/LICENSE-2.0
#
# Unless required by applicable law or agreed to in writing, software
# distributed under the License is distributed on an "AS IS" BASIS, WITHOUT
# WARRANTIES OR CONDITIONS OF ANY KIND, either express or implied. See the
# License for the specific language governing permissions and limitations
# under the License.
#

property nuklei ${nuklei:directory("target/nukleus-itests").streamsCapacity(1024 * 1024, 64 * 1024)}

property targetInput ${nuklei.streams("target", "ws#source")}
property targetOutputEst ${nuklei.streams("ws", "target")}

property newTargetOutputEstId ${nuklei:newStreamId()}

connect await ROUTED_INPUT
        agrona://stream/bidirectional
        option reader ${agrona:oneToOneReader(targetInput.buffer)}
        option writer ${agrona:oneToOneWriter(targetInput.throttle)}
connected

read [0x00 0x00 0x00 0x01]
read ([0..8]:targetInputId)
read ([0..8]:targetInputRef)
read ([0..8]:targetCorrelationId)

read notify WS_BEGIN_INPUT_RECEIVED

write [0x40 0x00 0x00 0x02]
write ${targetInputId}
write [0x00 0x02 0x00 0x00]
write flush

close
closed

connect await ROUTED_OUTPUT
        agrona://stream/bidirectional
        option reader ${agrona:oneToOneReader(targetOutputEst.throttle)}
        option writer ${agrona:oneToOneWriter(targetOutputEst.buffer)}
connected

write await WS_BEGIN_INPUT_RECEIVED

write [0x00 0x00 0x00 0x01]
write ${newTargetOutputEstId}
write [0x00 0x00 0x00 0x00 0x00 0x00 0x00 0x00]
write ${targetCorrelationId}
write flush

read [0x40 0x00 0x00 0x02]
read ${newTargetOutputEstId}
read [0..4]

close
closed
