#
# Copyright 2016-2017 The Reaktivity Project
#
# The Reaktivity Project licenses this file to you under the Apache License,
# version 2.0 (the "License"); you may not use this file except in compliance
# with the License. You may obtain a copy of the License at:
#
#   http://www.apache.org/licenses/LICENSE-2.0
#
# Unless required by applicable law or agreed to in writing, software
# distributed under the License is distributed on an "AS IS" BASIS, WITHOUT
# WARRANTIES OR CONDITIONS OF ANY KIND, either express or implied. See the
# License for the specific language governing permissions and limitations
# under the License.
#

property location 'http://localhost:8080/preflight'
property newServerAcceptRef  ${nuklei:newReferenceId()} # external
property serverTransport "nukleus://target/streams/ws#source"

accept ${serverTransport}
  option nukleus:route  ${newServerAcceptRef}
  option nukleus:window 8192
  option nukleus:transmission "duplex"
accepted

read nukleus:begin.ext ${http:header(":scheme", "http")}
read nukleus:begin.ext ${http:header(":method", "GET")}

write nukleus:begin.ext ${http:header(":status","200")}
write nukleus:begin.ext ${http:header(":set-cookie","SID=31d4d96e407aad42; Domain=.local")}
write notify SET_COOKIE

connected

accepted

read nukleus:begin.ext ${http:header(":scheme", "http")}
read nukleus:begin.ext ${http:header(":method", "GET")}
read nukleus:begin.ext ${http:header(":host", "localhost:8080")}
read nukleus:begin.ext ${http:header(":path", "/path?query")}
read nukleus:begin.ext ${http:header(":authority", "localhost:8080")}
read nukleus:begin.ext ${http:header("upgrade", "websocket")}
read nukleus:begin.ext ${http:header("connection", "upgrade")}
read nukleus:begin.ext ${http:header("cookie", "SID=31d4d96e407aad42")}
read nukleus:begin.ext ${http:header("sec-websocket-key", newHandshakeKey)}
read nukleus:begin.ext ${http:header("sec-websocket-version", "13")}

write nukleus:begin.ext ${http:header(":status", "101")}
write nukleus:begin.ext ${http:header("upgrade", "websocket")}
write nukleus:begin.ext ${http:header("connection", "upgrade")}
write nukleus:begin.ext ${http:header("sec-websocket-accept", ws:handshakeHash(newHandshakeKey))}

connected

#accept "http://localhost:8080/preflight"
#accepted
#connected

#read http:method "GET"
#read http:version "HTTP/1.1"
#read http:header "Host" "localhost:8080"
#read closed

#write http:status "200" "OK"
#write http:version "HTTP/1.1"
#write http:header "Set-Cookie" "SID=31d4d96e407aad42; Domain=.local"
#write http:content-length
#write close

#accept "http://localhost:8080/path?query"
#accepted
#connected

#read http:method "GET"
#read http:version "HTTP/1.1"
#read http:header "Host" "localhost:8080"
#read http:header "Upgrade" /(?i:websocket)/
#read http:header "Connection" /(?i:Upgrade)/
#read http:header "Cookie" "SID=31d4d96e407aad42"
#read http:header "Sec-WebSocket-Key" /(?<key>[a-zA-Z0-9+\/=]{24})/
#read http:header "Sec-WebSocket-Version" "13"

#write http:status "101" "Switching Protocols"
#write http:version "HTTP/1.1"
#write http:header "Upgrade" "websocket"
#write http:header "Connection" "Upgrade"
#write http:header "Sec-WebSocket-Accept" ${ws:handshakeHash(key)}
#write flush

# connection established
